file ./support/scons/autoconf.py,line 40:
	Configure(confdir = .sconf_temp)
scons: Configure: Checking for -m32 ... 
scons: Configure: ".sconf_temp/conftest_0.c" is up to date.
scons: Configure: The original builder output was:
  |.sconf_temp/conftest_0.c <-
  |  |int main(int argc, char **argv){    return 0;}
  |  |
  |
scons: Configure: ".sconf_temp/conftest_0.o" is up to date.
scons: Configure: The original builder output was:
  |  CC   .sconf_temp/conftest_0.o
  |
scons: Configure: ".sconf_temp/conftest_0" is up to date.
scons: Configure: The original builder output was:
  |  LD   .sconf_temp/conftest_0
  |
scons: Configure: (cached) yes


file ./support/scons/autoconf.py,line 40:
	Configure(confdir = .sconf_temp)
scons: Configure: Checking for -Wall ... 
scons: Configure: ".sconf_temp/conftest_1.c" is up to date.
scons: Configure: The original builder output was:
  |.sconf_temp/conftest_1.c <-
  |  |int main(int argc, char **argv){    return 0;}
  |  |
  |
scons: Configure: ".sconf_temp/conftest_1.o" is up to date.
scons: Configure: The original builder output was:
  |  CC   .sconf_temp/conftest_1.o
  |
scons: Configure: ".sconf_temp/conftest_1" is up to date.
scons: Configure: The original builder output was:
  |  LD   .sconf_temp/conftest_1
  |
scons: Configure: (cached) yes


file ./support/scons/autoconf.py,line 40:
	Configure(confdir = .sconf_temp)
scons: Configure: Checking for -Wextra ... 
scons: Configure: ".sconf_temp/conftest_2.c" is up to date.
scons: Configure: The original builder output was:
  |.sconf_temp/conftest_2.c <-
  |  |int main(int argc, char **argv){    return 0;}
  |  |
  |
scons: Configure: ".sconf_temp/conftest_2.o" is up to date.
scons: Configure: The original builder output was:
  |  CC   .sconf_temp/conftest_2.o
  |
scons: Configure: ".sconf_temp/conftest_2" is up to date.
scons: Configure: The original builder output was:
  |  LD   .sconf_temp/conftest_2
  |
scons: Configure: (cached) yes


file ./support/scons/autoconf.py,line 40:
	Configure(confdir = .sconf_temp)
scons: Configure: Checking for -nostdinc ... 
scons: Configure: ".sconf_temp/conftest_3.c" is up to date.
scons: Configure: The original builder output was:
  |.sconf_temp/conftest_3.c <-
  |  |int main(int argc, char **argv){    return 0;}
  |  |
  |
scons: Configure: ".sconf_temp/conftest_3.o" is up to date.
scons: Configure: The original builder output was:
  |  CC   .sconf_temp/conftest_3.o
  |
scons: Configure: ".sconf_temp/conftest_3" is up to date.
scons: Configure: The original builder output was:
  |  LD   .sconf_temp/conftest_3
  |
scons: Configure: (cached) yes


file ./support/scons/autoconf.py,line 40:
	Configure(confdir = .sconf_temp)
scons: Configure: Checking for -fno-stack-protector ... 
scons: Configure: ".sconf_temp/conftest_4.c" is up to date.
scons: Configure: The original builder output was:
  |.sconf_temp/conftest_4.c <-
  |  |int main(int argc, char **argv){    return 0;}
  |  |
  |
scons: Configure: ".sconf_temp/conftest_4.o" is up to date.
scons: Configure: The original builder output was:
  |  CC   .sconf_temp/conftest_4.o
  |
scons: Configure: ".sconf_temp/conftest_4" is up to date.
scons: Configure: The original builder output was:
  |  LD   .sconf_temp/conftest_4
  |
scons: Configure: (cached) yes


file ./support/scons/autoconf.py,line 40:
	Configure(confdir = .sconf_temp)
scons: Configure: Checking for -fno-builtin ... 
scons: Configure: ".sconf_temp/conftest_5.c" is up to date.
scons: Configure: The original builder output was:
  |.sconf_temp/conftest_5.c <-
  |  |int main(int argc, char **argv){    return 0;}
  |  |
  |
scons: Configure: ".sconf_temp/conftest_5.o" is up to date.
scons: Configure: The original builder output was:
  |  CC   .sconf_temp/conftest_5.o
  |
scons: Configure: ".sconf_temp/conftest_5" is up to date.
scons: Configure: The original builder output was:
  |  LD   .sconf_temp/conftest_5
  |
scons: Configure: (cached) yes


file ./support/scons/autoconf.py,line 40:
	Configure(confdir = .sconf_temp)
scons: Configure: Checking for -Wno-write-strings ... 
scons: Configure: ".sconf_temp/conftest_6.c" is up to date.
scons: Configure: The original builder output was:
  |.sconf_temp/conftest_6.c <-
  |  |int main(int argc, char **argv){    return 0;}
  |  |
  |
scons: Configure: ".sconf_temp/conftest_6.o" is up to date.
scons: Configure: The original builder output was:
  |  CC   .sconf_temp/conftest_6.o
  |
scons: Configure: ".sconf_temp/conftest_6" is up to date.
scons: Configure: The original builder output was:
  |  LD   .sconf_temp/conftest_6
  |
scons: Configure: (cached) yes


file ./support/scons/autoconf.py,line 40:
	Configure(confdir = .sconf_temp)
scons: Configure: Checking for -Wno-unused-parameter ... 
scons: Configure: ".sconf_temp/conftest_7.c" is up to date.
scons: Configure: The original builder output was:
  |.sconf_temp/conftest_7.c <-
  |  |int main(int argc, char **argv){    return 0;}
  |  |
  |
scons: Configure: ".sconf_temp/conftest_7.o" is up to date.
scons: Configure: The original builder output was:
  |  CC   .sconf_temp/conftest_7.o
  |
scons: Configure: ".sconf_temp/conftest_7" is up to date.
scons: Configure: The original builder output was:
  |  LD   .sconf_temp/conftest_7
  |
scons: Configure: (cached) yes


file ./support/scons/autoconf.py,line 40:
	Configure(confdir = .sconf_temp)
scons: Configure: Checking for -Wno-ignored-qualifiers ... 
scons: Configure: ".sconf_temp/conftest_8.c" is up to date.
scons: Configure: The original builder output was:
  |.sconf_temp/conftest_8.c <-
  |  |int main(int argc, char **argv){    return 0;}
  |  |
  |
scons: Configure: ".sconf_temp/conftest_8.o" is up to date.
scons: Configure: The original builder output was:
  |  CC   .sconf_temp/conftest_8.o
  |
scons: Configure: ".sconf_temp/conftest_8" is up to date.
scons: Configure: The original builder output was:
  |  LD   .sconf_temp/conftest_8
  |
scons: Configure: (cached) yes


file ./support/scons/autoconf.py,line 40:
	Configure(confdir = .sconf_temp)
scons: Configure: Checking for -g3 ... 
scons: Configure: ".sconf_temp/conftest_9.c" is up to date.
scons: Configure: The original builder output was:
  |.sconf_temp/conftest_9.c <-
  |  |int main(int argc, char **argv){    return 0;}
  |  |
  |
scons: Configure: ".sconf_temp/conftest_9.o" is up to date.
scons: Configure: The original builder output was:
  |  CC   .sconf_temp/conftest_9.o
  |
scons: Configure: ".sconf_temp/conftest_9" is up to date.
scons: Configure: The original builder output was:
  |  LD   .sconf_temp/conftest_9
  |
scons: Configure: (cached) yes


file ./support/scons/autoconf.py,line 40:
	Configure(confdir = .sconf_temp)
scons: Configure: Checking for -O0 ... 
scons: Configure: ".sconf_temp/conftest_10.c" is up to date.
scons: Configure: The original builder output was:
  |.sconf_temp/conftest_10.c <-
  |  |int main(int argc, char **argv){    return 0;}
  |  |
  |
scons: Configure: ".sconf_temp/conftest_10.o" is up to date.
scons: Configure: The original builder output was:
  |  CC   .sconf_temp/conftest_10.o
  |
scons: Configure: ".sconf_temp/conftest_10" is up to date.
scons: Configure: The original builder output was:
  |  LD   .sconf_temp/conftest_10
  |
scons: Configure: (cached) yes


file ./support/scons/autoconf.py,line 91:
	Configure(confdir = .sconf_temp)
scons: Configure: Checking for -fno-rtti ... 
scons: Configure: ".sconf_temp/conftest_11.cpp" is up to date.
scons: Configure: The original builder output was:
  |.sconf_temp/conftest_11.cpp <-
  |  |int main(int argc, char **argv){    return 0;}
  |  |
  |
scons: Configure: ".sconf_temp/conftest_11.o" is up to date.
scons: Configure: The original builder output was:
  |  CXX  .sconf_temp/conftest_11.o
  |
scons: Configure: (cached) yes


file ./support/scons/autoconf.py,line 91:
	Configure(confdir = .sconf_temp)
scons: Configure: Checking for -fno-exceptions ... 
scons: Configure: ".sconf_temp/conftest_12.cpp" is up to date.
scons: Configure: The original builder output was:
  |.sconf_temp/conftest_12.cpp <-
  |  |int main(int argc, char **argv){    return 0;}
  |  |
  |
scons: Configure: ".sconf_temp/conftest_12.o" is up to date.
scons: Configure: The original builder output was:
  |  CXX  .sconf_temp/conftest_12.o
  |
scons: Configure: (cached) yes


